0 verbose cli /Users/ismailulgac/.nvm/versions/node/v20.18.0/bin/node /Users/ismailulgac/.nvm/versions/node/v20.18.0/bin/npm
1 info using npm@10.8.2
2 info using node@v20.18.0
3 silly config load:file:/Users/ismailulgac/.nvm/versions/node/v20.18.0/lib/node_modules/npm/npmrc
4 silly config load:file:/Users/ismailulgac/Documents/food/food-admin/.npmrc
5 silly config load:file:/Users/ismailulgac/.npmrc
6 silly config load:file:/Users/ismailulgac/.npm-global/etc/npmrc
7 verbose title npm install framer-motion
8 verbose argv "install" "framer-motion" "--save" "--cache" ".npm-cache"
9 verbose logfile logs-max:10 dir:/Users/ismailulgac/Documents/food/food-admin/.npm-cache/_logs/2025-10-28T08_16_12_587Z-
10 verbose logfile /Users/ismailulgac/Documents/food/food-admin/.npm-cache/_logs/2025-10-28T08_16_12_587Z-debug-0.log
11 silly packumentCache heap:4345298944 maxSize:1086324736 maxEntrySize:543162368
12 silly logfile done cleaning log files
13 silly idealTree buildDeps
14 silly fetch manifest framer-motion@*
15 silly packumentCache full:https://registry.npmjs.org/framer-motion cache-miss
16 verbose shrinkwrap failed to load node_modules/.package-lock.json out of date, updated: node_modules
17 http fetch GET 200 https://registry.npmjs.org/npm 401ms
18 http fetch GET 200 https://registry.npmjs.org/framer-motion 311ms (cache miss)
19 silly packumentCache full:https://registry.npmjs.org/framer-motion set size:undefined disposed:false
20 silly fetch manifest @emotion/is-prop-valid@*
21 silly packumentCache full:https://registry.npmjs.org/@emotion%2fis-prop-valid cache-miss
22 http fetch GET 200 https://registry.npmjs.org/@emotion%2fis-prop-valid 209ms (cache miss)
23 silly packumentCache full:https://registry.npmjs.org/@emotion%2fis-prop-valid set size:undefined disposed:false
24 silly fetch manifest react@^19.0.0
25 silly packumentCache full:https://registry.npmjs.org/react cache-miss
26 http fetch GET 200 https://registry.npmjs.org/react 185ms (cache miss)
27 silly packumentCache full:https://registry.npmjs.org/react set size:undefined disposed:false
28 silly fetch manifest react-dom@^19.0.0
29 silly packumentCache full:https://registry.npmjs.org/react-dom cache-miss
30 http fetch GET 200 https://registry.npmjs.org/react-dom 182ms (cache miss)
31 silly packumentCache full:https://registry.npmjs.org/react-dom set size:undefined disposed:false
32 silly placeDep ROOT framer-motion@12.23.24 OK for: tailadmin-react@2.0.2 want: *
33 silly fetch manifest motion-dom@^12.23.23
34 silly packumentCache full:https://registry.npmjs.org/motion-dom cache-miss
35 silly fetch manifest motion-utils@^12.23.6
36 silly packumentCache full:https://registry.npmjs.org/motion-utils cache-miss
37 http fetch GET 200 https://registry.npmjs.org/motion-utils 79ms (cache miss)
38 silly packumentCache full:https://registry.npmjs.org/motion-utils set size:undefined disposed:false
39 http fetch GET 200 https://registry.npmjs.org/motion-dom 80ms (cache miss)
40 silly packumentCache full:https://registry.npmjs.org/motion-dom set size:undefined disposed:false
41 silly placeDep ROOT motion-dom@12.23.23 OK for: framer-motion@12.23.24 want: ^12.23.23
42 silly placeDep ROOT motion-utils@12.23.6 OK for: framer-motion@12.23.24 want: ^12.23.6
43 silly reify moves {}
44 silly audit bulk request {
44 silly audit   '@alloc/quick-lru': [ '5.2.0' ],
44 silly audit   '@ampproject/remapping': [ '2.3.0' ],
44 silly audit   '@babel/code-frame': [ '7.26.2' ],
44 silly audit   '@babel/compat-data': [ '7.26.8' ],
44 silly audit   '@babel/core': [ '7.26.8' ],
44 silly audit   '@babel/generator': [ '7.26.9' ],
44 silly audit   '@babel/helper-compilation-targets': [ '7.26.5' ],
44 silly audit   '@babel/helper-module-imports': [ '7.25.9' ],
44 silly audit   '@babel/helper-module-transforms': [ '7.26.0' ],
44 silly audit   '@babel/helper-plugin-utils': [ '7.26.5' ],
44 silly audit   '@babel/helper-string-parser': [ '7.25.9' ],
44 silly audit   '@babel/helper-validator-identifier': [ '7.25.9' ],
44 silly audit   '@babel/helper-validator-option': [ '7.25.9' ],
44 silly audit   '@babel/helpers': [ '7.26.7' ],
44 silly audit   '@babel/parser': [ '7.26.9' ],
44 silly audit   '@babel/plugin-transform-react-jsx-self': [ '7.25.9' ],
44 silly audit   '@babel/plugin-transform-react-jsx-source': [ '7.25.9' ],
44 silly audit   '@babel/runtime': [ '7.26.7' ],
44 silly audit   '@babel/template': [ '7.26.9' ],
44 silly audit   '@babel/traverse': [ '7.26.9' ],
44 silly audit   globals: [ '11.12.0', '14.0.0', '15.15.0' ],
44 silly audit   '@babel/types': [ '7.26.9' ],
44 silly audit   '@esbuild/aix-ppc64': [ '0.24.2' ],
44 silly audit   '@esbuild/android-arm': [ '0.24.2' ],
44 silly audit   '@esbuild/android-arm64': [ '0.24.2' ],
44 silly audit   '@esbuild/android-x64': [ '0.24.2' ],
44 silly audit   '@esbuild/darwin-arm64': [ '0.24.2' ],
44 silly audit   '@esbuild/darwin-x64': [ '0.24.2' ],
44 silly audit   '@esbuild/freebsd-arm64': [ '0.24.2' ],
44 silly audit   '@esbuild/freebsd-x64': [ '0.24.2' ],
44 silly audit   '@esbuild/linux-arm': [ '0.24.2' ],
44 silly audit   '@esbuild/linux-arm64': [ '0.24.2' ],
44 silly audit   '@esbuild/linux-ia32': [ '0.24.2' ],
44 silly audit   '@esbuild/linux-loong64': [ '0.24.2' ],
44 silly audit   '@esbuild/linux-mips64el': [ '0.24.2' ],
44 silly audit   '@esbuild/linux-ppc64': [ '0.24.2' ],
44 silly audit   '@esbuild/linux-riscv64': [ '0.24.2' ],
44 silly audit   '@esbuild/linux-s390x': [ '0.24.2' ],
44 silly audit   '@esbuild/linux-x64': [ '0.24.2' ],
44 silly audit   '@esbuild/netbsd-arm64': [ '0.24.2' ],
44 silly audit   '@esbuild/netbsd-x64': [ '0.24.2' ],
44 silly audit   '@esbuild/openbsd-arm64': [ '0.24.2' ],
44 silly audit   '@esbuild/openbsd-x64': [ '0.24.2' ],
44 silly audit   '@esbuild/sunos-x64': [ '0.24.2' ],
44 silly audit   '@esbuild/win32-arm64': [ '0.24.2' ],
44 silly audit   '@esbuild/win32-ia32': [ '0.24.2' ],
44 silly audit   '@esbuild/win32-x64': [ '0.24.2' ],
44 silly audit   '@eslint-community/eslint-utils': [ '4.4.1' ],
44 silly audit   'eslint-visitor-keys': [ '3.4.3', '4.2.0' ],
44 silly audit   '@eslint-community/regexpp': [ '4.12.1' ],
44 silly audit   '@eslint/config-array': [ '0.19.2' ],
44 silly audit   '@eslint/core': [ '0.11.0', '0.10.0' ],
44 silly audit   '@eslint/eslintrc': [ '3.2.0' ],
44 silly audit   '@eslint/js': [ '9.20.0' ],
44 silly audit   '@eslint/object-schema': [ '2.1.6' ],
44 silly audit   '@eslint/plugin-kit': [ '0.2.5' ],
44 silly audit   '@fullcalendar/core': [ '6.1.15' ],
44 silly audit   '@fullcalendar/daygrid': [ '6.1.15' ],
44 silly audit   '@fullcalendar/interaction': [ '6.1.15' ],
44 silly audit   '@fullcalendar/list': [ '6.1.15' ],
44 silly audit   '@fullcalendar/react': [ '6.1.15' ],
44 silly audit   '@fullcalendar/timegrid': [ '6.1.15' ],
44 silly audit   '@humanfs/core': [ '0.19.1' ],
44 silly audit   '@humanfs/node': [ '0.16.6' ],
44 silly audit   '@humanwhocodes/retry': [ '0.3.1', '0.4.1' ],
44 silly audit   '@humanwhocodes/module-importer': [ '1.0.1' ],
44 silly audit   '@jridgewell/gen-mapping': [ '0.3.8' ],
44 silly audit   '@jridgewell/resolve-uri': [ '3.1.2' ],
44 silly audit   '@jridgewell/set-array': [ '1.2.1' ],
44 silly audit   '@jridgewell/source-map': [ '0.3.6' ],
44 silly audit   '@jridgewell/sourcemap-codec': [ '1.5.0' ],
44 silly audit   '@jridgewell/trace-mapping': [ '0.3.25' ],
44 silly audit   '@nodelib/fs.scandir': [ '2.1.5' ],
44 silly audit   '@nodelib/fs.stat': [ '2.0.5' ],
44 silly audit   '@nodelib/fs.walk': [ '1.2.8' ],
44 silly audit   '@react-dnd/asap': [ '5.0.2' ],
44 silly audit   '@react-dnd/invariant': [ '4.0.2' ],
44 silly audit   '@react-dnd/shallowequal': [ '4.0.2' ],
44 silly audit   '@react-jvectormap/core': [ '1.0.4' ],
44 silly audit   '@react-jvectormap/jquery-mousewheel': [ '1.0.2' ],
44 silly audit   '@react-jvectormap/lib': [ '1.0.3' ],
44 silly audit   '@react-jvectormap/world': [ '1.1.2' ],
44 silly audit   '@rollup/pluginutils': [ '5.1.4' ],
44 silly audit   picomatch: [ '4.0.2', '2.3.1' ],
44 silly audit   '@rollup/rollup-android-arm-eabi': [ '4.34.6' ],
44 silly audit   '@rollup/rollup-android-arm64': [ '4.34.6' ],
44 silly audit   '@rollup/rollup-darwin-arm64': [ '4.34.6' ],
44 silly audit   '@rollup/rollup-darwin-x64': [ '4.34.6' ],
44 silly audit   '@rollup/rollup-freebsd-arm64': [ '4.34.6' ],
44 silly audit   '@rollup/rollup-freebsd-x64': [ '4.34.6' ],
44 silly audit   '@rollup/rollup-linux-arm-gnueabihf': [ '4.34.6' ],
44 silly audit   '@rollup/rollup-linux-arm-musleabihf': [ '4.34.6' ],
44 silly audit   '@rollup/rollup-linux-arm64-gnu': [ '4.34.6' ],
44 silly audit   '@rollup/rollup-linux-arm64-musl': [ '4.34.6' ],
44 silly audit   '@rollup/rollup-linux-loongarch64-gnu': [ '4.34.6' ],
44 silly audit   '@rollup/rollup-linux-powerpc64le-gnu': [ '4.34.6' ],
44 silly audit   '@rollup/rollup-linux-riscv64-gnu': [ '4.34.6' ],
44 silly audit   '@rollup/rollup-linux-s390x-gnu': [ '4.34.6' ],
44 silly audit   '@rollup/rollup-linux-x64-gnu': [ '4.34.6' ],
44 silly audit   '@rollup/rollup-linux-x64-musl': [ '4.34.6' ],
44 silly audit   '@rollup/rollup-win32-arm64-msvc': [ '4.34.6' ],
44 silly audit   '@rollup/rollup-win32-ia32-msvc': [ '4.34.6' ],
44 silly audit   '@rollup/rollup-win32-x64-msvc': [ '4.34.6' ],
44 silly audit   '@svgdotjs/svg.draggable.js': [ '3.0.6' ],
44 silly audit   '@svgdotjs/svg.filter.js': [ '3.0.8' ],
44 silly audit   '@svgdotjs/svg.js': [ '3.2.4' ],
44 silly audit   '@svgdotjs/svg.resize.js': [ '2.0.5' ],
44 silly audit   '@svgdotjs/svg.select.js': [ '4.0.2' ],
44 silly audit   '@svgr/babel-plugin-add-jsx-attribute': [ '8.0.0' ],
44 silly audit   '@svgr/babel-plugin-remove-jsx-attribute': [ '8.0.0' ],
44 silly audit   '@svgr/babel-plugin-remove-jsx-empty-expression': [ '8.0.0' ],
44 silly audit   '@svgr/babel-plugin-replace-jsx-attribute-value': [ '8.0.0' ],
44 silly audit   '@svgr/babel-plugin-svg-dynamic-title': [ '8.0.0' ],
44 silly audit   '@svgr/babel-plugin-svg-em-dimensions': [ '8.0.0' ],
44 silly audit   '@svgr/babel-plugin-transform-react-native-svg': [ '8.1.0' ],
44 silly audit   '@svgr/babel-plugin-transform-svg-component': [ '8.0.0' ],
44 silly audit   '@svgr/babel-preset': [ '8.1.0' ],
44 silly audit   '@svgr/core': [ '8.1.0' ],
44 silly audit   '@svgr/hast-util-to-babel-ast': [ '8.0.0' ],
44 silly audit   '@svgr/plugin-jsx': [ '8.1.0' ],
44 silly audit   '@tailwindcss/node': [ '4.0.8' ],
44 silly audit   jiti: [ '2.4.2', '1.21.7' ],
44 silly audit   '@tailwindcss/oxide': [ '4.0.8' ],
44 silly audit   '@tailwindcss/oxide-android-arm64': [ '4.0.8' ],
44 silly audit   '@tailwindcss/oxide-darwin-arm64': [ '4.0.8' ],
44 silly audit   '@tailwindcss/oxide-darwin-x64': [ '4.0.8' ],
44 silly audit   '@tailwindcss/oxide-freebsd-x64': [ '4.0.8' ],
44 silly audit   '@tailwindcss/oxide-linux-arm-gnueabihf': [ '4.0.8' ],
44 silly audit   '@tailwindcss/oxide-linux-arm64-gnu': [ '4.0.8' ],
44 silly audit   '@tailwindcss/oxide-linux-arm64-musl': [ '4.0.8' ],
44 silly audit   '@tailwindcss/oxide-linux-x64-gnu': [ '4.0.8' ],
44 silly audit   '@tailwindcss/oxide-linux-x64-musl': [ '4.0.8' ],
44 silly audit   '@tailwindcss/oxide-win32-arm64-msvc': [ '4.0.8' ],
44 silly audit   '@tailwindcss/oxide-win32-x64-msvc': [ '4.0.8' ],
44 silly audit   '@tailwindcss/postcss': [ '4.0.8' ],
44 silly audit   '@types/babel__core': [ '7.20.5' ],
44 silly audit   '@types/babel__generator': [ '7.6.8' ],
44 silly audit   '@types/babel__template': [ '7.4.4' ],
44 silly audit   '@types/babel__traverse': [ '7.20.6' ],
44 silly audit   '@types/cookie': [ '0.6.0' ],
44 silly audit   '@types/estree': [ '1.0.6' ],
44 silly audit   '@types/gensync': [ '1.0.4' ],
44 silly audit   '@types/json-schema': [ '7.0.15' ],
44 silly audit   '@types/react': [ '19.0.12' ],
44 silly audit   '@types/react-dom': [ '19.0.4' ],
44 silly audit   '@typescript-eslint/eslint-plugin': [ '8.24.0' ],
44 silly audit   '@typescript-eslint/parser': [ '8.24.0' ],
44 silly audit   '@typescript-eslint/scope-manager': [ '8.24.0' ],
44 silly audit   '@typescript-eslint/type-utils': [ '8.24.0' ],
44 silly audit   '@typescript-eslint/types': [ '8.24.0' ],
44 silly audit   '@typescript-eslint/typescript-estree': [ '8.24.0' ],
44 silly audit   'brace-expansion': [ '2.0.1', '1.1.11' ],
44 silly audit   minimatch: [ '9.0.5', '3.1.2' ],
44 silly audit   semver: [ '7.7.1', '6.3.1' ],
44 silly audit   '@typescript-eslint/utils': [ '8.24.0' ],
44 silly audit   '@typescript-eslint/visitor-keys': [ '8.24.0' ],
44 silly audit   '@vitejs/plugin-react': [ '4.3.4' ],
44 silly audit   '@yr/monotone-cubic-spline': [ '1.0.3' ],
44 silly audit   acorn: [ '8.14.0' ],
44 silly audit   'acorn-jsx': [ '5.3.2' ],
44 silly audit   ajv: [ '6.12.6' ],
44 silly audit   'ansi-styles': [ '4.3.0' ],
44 silly audit   apexcharts: [ '4.4.0' ],
44 silly audit   argparse: [ '2.0.1' ],
44 silly audit   asynckit: [ '0.4.0' ],
44 silly audit   'attr-accept': [ '2.2.5' ],
44 silly audit   axios: [ '1.12.2' ],
44 silly audit   'balanced-match': [ '1.0.2' ],
44 silly audit   braces: [ '3.0.3' ],
44 silly audit   browserslist: [ '4.24.4' ],
44 silly audit   'buffer-from': [ '1.1.2' ],
44 silly audit   'call-bind-apply-helpers': [ '1.0.2' ],
44 silly audit   callsites: [ '3.1.0' ],
44 silly audit   camelcase: [ '6.3.0' ],
44 silly audit   'caniuse-lite': [ '1.0.30001699' ],
44 silly audit   chalk: [ '4.1.2' ],
44 silly audit   classnames: [ '2.5.1' ],
44 silly audit   clsx: [ '2.1.1' ],
44 silly audit   'color-convert': [ '2.0.1' ],
44 silly audit   'color-name': [ '1.1.4' ],
44 silly audit   'combined-stream': [ '1.0.8' ],
44 silly audit   'concat-map': [ '0.0.1' ],
44 silly audit   'convert-source-map': [ '2.0.0' ],
44 silly audit   cookie: [ '1.0.2' ],
44 silly audit   cosmiconfig: [ '8.3.6' ],
44 silly audit   'cross-spawn': [ '7.0.6' ],
44 silly audit   csstype: [ '3.1.3' ],
44 silly audit   debug: [ '4.4.0' ],
44 silly audit   'deep-is': [ '0.1.4' ],
44 silly audit   'delayed-stream': [ '1.0.0' ],
44 silly audit   'detect-libc': [ '1.0.3' ],
44 silly audit   'dnd-core': [ '16.0.1' ],
44 silly audit   'dot-case': [ '3.0.4' ],
44 silly audit   'dunder-proto': [ '1.0.1' ],
44 silly audit   'electron-to-chromium': [ '1.5.98' ],
44 silly audit   'enhanced-resolve': [ '5.18.1' ],
44 silly audit   entities: [ '4.5.0' ],
44 silly audit   'error-ex': [ '1.3.2' ],
44 silly audit   'es-define-property': [ '1.0.1' ],
44 silly audit   'es-errors': [ '1.3.0' ],
44 silly audit   'es-object-atoms': [ '1.1.1' ],
44 silly audit   'es-set-tostringtag': [ '2.1.0' ],
44 silly audit   esbuild: [ '0.24.2' ],
44 silly audit   escalade: [ '3.2.0' ],
44 silly audit   'escape-string-regexp': [ '4.0.0' ],
44 silly audit   eslint: [ '9.20.1' ],
44 silly audit   'eslint-plugin-react-hooks': [ '5.1.0' ],
44 silly audit   'eslint-plugin-react-refresh': [ '0.4.19' ],
44 silly audit   'eslint-scope': [ '8.2.0' ],
44 silly audit   espree: [ '10.3.0' ],
44 silly audit   esquery: [ '1.6.0' ],
44 silly audit   esrecurse: [ '4.3.0' ],
44 silly audit   estraverse: [ '5.3.0' ],
44 silly audit   'estree-walker': [ '2.0.2' ],
44 silly audit   esutils: [ '2.0.3' ],
44 silly audit   'fast-deep-equal': [ '3.1.3' ],
44 silly audit   'fast-glob': [ '3.3.3' ],
44 silly audit   'glob-parent': [ '5.1.2', '6.0.2' ],
44 silly audit   'fast-json-stable-stringify': [ '2.1.0' ],
44 silly audit   'fast-levenshtein': [ '2.0.6' ],
44 silly audit   fastq: [ '1.19.0' ],
44 silly audit   'file-entry-cache': [ '8.0.0' ],
44 silly audit   'file-selector': [ '2.1.2' ],
44 silly audit   'fill-range': [ '7.1.1' ],
44 silly audit   'find-up': [ '5.0.0' ],
44 silly audit   'flat-cache': [ '4.0.1' ],
44 silly audit   flatpickr: [ '4.6.13' ],
44 silly audit   flatted: [ '3.3.2' ],
44 silly audit   'follow-redirects': [ '1.15.11' ],
44 silly audit   'form-data': [ '4.0.4' ],
44 silly audit   fsevents: [ '2.3.3' ],
44 silly audit   'function-bind': [ '1.1.2' ],
44 silly audit   gensync: [ '1.0.0-beta.2' ],
44 silly audit   'get-intrinsic': [ '1.3.0' ],
44 silly audit   'get-proto': [ '1.0.1' ],
44 silly audit   gopd: [ '1.2.0' ],
44 silly audit   'graceful-fs': [ '4.2.11' ],
44 silly audit   graphemer: [ '1.4.0' ],
44 silly audit   'has-flag': [ '4.0.0' ],
44 silly audit   'has-symbols': [ '1.1.0' ],
44 silly audit   'has-tostringtag': [ '1.0.2' ],
44 silly audit   hasown: [ '2.0.2' ],
44 silly audit   'hoist-non-react-statics': [ '3.3.2' ],
44 silly audit   ignore: [ '5.3.2' ],
44 silly audit   'import-fresh': [ '3.3.1' ],
44 silly audit   imurmurhash: [ '0.1.4' ],
44 silly audit   invariant: [ '2.2.4' ],
44 silly audit   'is-arrayish': [ '0.2.1' ],
44 silly audit   'is-extglob': [ '2.1.1' ],
44 silly audit   'is-glob': [ '4.0.3' ],
44 silly audit   'is-number': [ '7.0.0' ],
44 silly audit   isexe: [ '2.0.0' ],
44 silly audit   jquery: [ '3.7.1' ],
44 silly audit   'js-tokens': [ '4.0.0' ],
44 silly audit   'js-yaml': [ '4.1.0' ],
44 silly audit   jsesc: [ '3.1.0' ],
44 silly audit   'json-buffer': [ '3.0.1' ],
44 silly audit   'json-parse-even-better-errors': [ '2.3.1' ],
44 silly audit   'json-schema-traverse': [ '0.4.1' ],
44 silly audit   'json-stable-stringify-without-jsonify': [ '1.0.1' ],
44 silly audit   json5: [ '2.2.3' ],
44 silly audit   keyv: [ '4.5.4' ],
44 silly audit   levn: [ '0.4.1' ],
44 silly audit   lightningcss: [ '1.29.1' ],
44 silly audit   'lightningcss-darwin-arm64': [ '1.29.1' ],
44 silly audit   'lightningcss-darwin-x64': [ '1.29.1' ],
44 silly audit   'lightningcss-freebsd-x64': [ '1.29.1' ],
44 silly audit   'lightningcss-linux-arm-gnueabihf': [ '1.29.1' ],
44 silly audit   'lightningcss-linux-arm64-gnu': [ '1.29.1' ],
44 silly audit   'lightningcss-linux-arm64-musl': [ '1.29.1' ],
44 silly audit   'lightningcss-linux-x64-gnu': [ '1.29.1' ],
44 silly audit   'lightningcss-linux-x64-musl': [ '1.29.1' ],
44 silly audit   'lightningcss-win32-arm64-msvc': [ '1.29.1' ],
44 silly audit   'lightningcss-win32-x64-msvc': [ '1.29.1' ],
44 silly audit   'lines-and-columns': [ '1.2.4' ],
44 silly audit   'locate-path': [ '6.0.0' ],
44 silly audit   'lodash.merge': [ '4.6.2' ],
44 silly audit   'loose-envify': [ '1.4.0' ],
44 silly audit   'lower-case': [ '2.0.2' ],
44 silly audit   'lru-cache': [ '5.1.1' ],
44 silly audit   'math-intrinsics': [ '1.1.0' ],
44 silly audit   merge2: [ '1.4.1' ],
44 silly audit   micromatch: [ '4.0.8' ],
44 silly audit   'mime-db': [ '1.52.0' ],
44 silly audit   'mime-types': [ '2.1.35' ],
44 silly audit   ms: [ '2.1.3' ],
44 silly audit   nanoid: [ '3.3.8' ],
44 silly audit   'natural-compare': [ '1.4.0' ],
44 silly audit   'no-case': [ '3.0.4' ],
44 silly audit   'node-releases': [ '2.0.19' ],
44 silly audit   'object-assign': [ '4.1.1' ],
44 silly audit   optionator: [ '0.9.4' ],
44 silly audit   'p-limit': [ '3.1.0' ],
44 silly audit   'p-locate': [ '5.0.0' ],
44 silly audit   'parent-module': [ '1.0.1' ],
44 silly audit   'parse-json': [ '5.2.0' ],
44 silly audit   'path-exists': [ '4.0.0' ],
44 silly audit   'path-key': [ '3.1.1' ],
44 silly audit   'path-type': [ '4.0.0' ],
44 silly audit   picocolors: [ '1.1.1' ],
44 silly audit   postcss: [ '8.5.2' ],
44 silly audit   preact: [ '10.12.1' ],
44 silly audit   'prelude-ls': [ '1.2.1' ],
44 silly audit   'prop-types': [ '15.8.1' ],
44 silly audit   'proxy-from-env': [ '1.1.0' ],
44 silly audit   punycode: [ '2.3.1' ],
44 silly audit   'queue-microtask': [ '1.2.3' ],
44 silly audit   react: [ '19.0.0' ],
44 silly audit   'react-apexcharts': [ '1.7.0' ],
44 silly audit   'react-dnd': [ '16.0.1' ],
44 silly audit   'react-dnd-html5-backend': [ '16.0.1' ],
44 silly audit   'react-dom': [ '19.0.0' ],
44 silly audit   'react-dropzone': [ '14.3.5' ],
44 silly audit   'react-fast-compare': [ '3.2.2' ],
44 silly audit   'react-helmet-async': [ '2.0.5' ],
44 silly audit   'react-is': [ '16.13.1' ],
44 silly audit   'react-refresh': [ '0.14.2' ],
44 silly audit   'react-router': [ '7.1.5' ],
44 silly audit   redux: [ '4.2.1' ],
44 silly audit   'regenerator-runtime': [ '0.14.1' ],
44 silly audit   'resolve-from': [ '4.0.0' ],
44 silly audit   reusify: [ '1.0.4' ],
44 silly audit   rollup: [ '4.34.6' ],
44 silly audit   'run-parallel': [ '1.2.0' ],
44 silly audit   scheduler: [ '0.25.0' ],
44 silly audit   'set-cookie-parser': [ '2.7.1' ],
44 silly audit   shallowequal: [ '1.1.0' ],
44 silly audit   'shebang-command': [ '2.0.0' ],
44 silly audit   'shebang-regex': [ '3.0.0' ],
44 silly audit   'snake-case': [ '3.0.4' ],
44 silly audit   'source-map': [ '0.6.1' ],
44 silly audit   'source-map-js': [ '1.2.1' ],
44 silly audit   'source-map-support': [ '0.5.21' ],
44 silly audit   'strip-json-comments': [ '3.1.1' ],
44 silly audit   'supports-color': [ '7.2.0' ],
44 silly audit   'svg-parser': [ '2.0.4' ],
44 silly audit   swiper: [ '11.2.3' ],
44 silly audit   'tailwind-merge': [ '3.0.1' ],
44 silly audit   tailwindcss: [ '4.0.8' ],
44 silly audit   tapable: [ '2.2.1' ],
44 silly audit   terser: [ '5.39.0' ],
44 silly audit   commander: [ '2.20.3' ],
44 silly audit   'to-regex-range': [ '5.0.1' ],
44 silly audit   'ts-api-utils': [ '2.0.1' ],
44 silly audit   tslib: [ '2.8.1' ],
44 silly audit   'turbo-stream': [ '2.4.0' ],
44 silly audit   'type-check': [ '0.4.0' ],
44 silly audit   typescript: [ '5.7.3' ],
44 silly audit   'typescript-eslint': [ '8.24.0' ],
44 silly audit   'update-browserslist-db': [ '1.1.2' ],
44 silly audit   'uri-js': [ '4.4.1' ],
44 silly audit   vite: [ '6.1.0' ],
44 silly audit   'vite-plugin-svgr': [ '4.3.0' ],
44 silly audit   which: [ '2.0.2' ],
44 silly audit   'word-wrap': [ '1.2.5' ],
44 silly audit   yallist: [ '3.1.1' ],
44 silly audit   yaml: [ '2.7.0' ],
44 silly audit   'yocto-queue': [ '0.1.0' ],
44 silly audit   'framer-motion': [ '12.23.24' ],
44 silly audit   'motion-dom': [ '12.23.23' ],
44 silly audit   'motion-utils': [ '12.23.6' ]
44 silly audit }
45 verbose reify failed optional dependency /Users/ismailulgac/Documents/food/food-admin/node_modules/lightningcss-win32-x64-msvc
46 silly reify mark deleted [
46 silly reify   '/Users/ismailulgac/Documents/food/food-admin/node_modules/lightningcss-win32-x64-msvc'
46 silly reify ]
47 verbose reify failed optional dependency /Users/ismailulgac/Documents/food/food-admin/node_modules/lightningcss-win32-arm64-msvc
48 silly reify mark deleted [
48 silly reify   '/Users/ismailulgac/Documents/food/food-admin/node_modules/lightningcss-win32-arm64-msvc'
48 silly reify ]
49 verbose reify failed optional dependency /Users/ismailulgac/Documents/food/food-admin/node_modules/lightningcss-linux-x64-musl
50 silly reify mark deleted [
50 silly reify   '/Users/ismailulgac/Documents/food/food-admin/node_modules/lightningcss-linux-x64-musl'
50 silly reify ]
51 verbose reify failed optional dependency /Users/ismailulgac/Documents/food/food-admin/node_modules/lightningcss-linux-x64-gnu
52 silly reify mark deleted [
52 silly reify   '/Users/ismailulgac/Documents/food/food-admin/node_modules/lightningcss-linux-x64-gnu'
52 silly reify ]
53 verbose reify failed optional dependency /Users/ismailulgac/Documents/food/food-admin/node_modules/lightningcss-linux-arm64-musl
54 silly reify mark deleted [
54 silly reify   '/Users/ismailulgac/Documents/food/food-admin/node_modules/lightningcss-linux-arm64-musl'
54 silly reify ]
55 verbose reify failed optional dependency /Users/ismailulgac/Documents/food/food-admin/node_modules/lightningcss-linux-arm64-gnu
56 silly reify mark deleted [
56 silly reify   '/Users/ismailulgac/Documents/food/food-admin/node_modules/lightningcss-linux-arm64-gnu'
56 silly reify ]
57 verbose reify failed optional dependency /Users/ismailulgac/Documents/food/food-admin/node_modules/lightningcss-linux-arm-gnueabihf
58 silly reify mark deleted [
58 silly reify   '/Users/ismailulgac/Documents/food/food-admin/node_modules/lightningcss-linux-arm-gnueabihf'
58 silly reify ]
59 verbose reify failed optional dependency /Users/ismailulgac/Documents/food/food-admin/node_modules/lightningcss-freebsd-x64
60 silly reify mark deleted [
60 silly reify   '/Users/ismailulgac/Documents/food/food-admin/node_modules/lightningcss-freebsd-x64'
60 silly reify ]
61 verbose reify failed optional dependency /Users/ismailulgac/Documents/food/food-admin/node_modules/lightningcss-darwin-x64
62 silly reify mark deleted [
62 silly reify   '/Users/ismailulgac/Documents/food/food-admin/node_modules/lightningcss-darwin-x64'
62 silly reify ]
63 verbose reify failed optional dependency /Users/ismailulgac/Documents/food/food-admin/node_modules/@tailwindcss/oxide-win32-x64-msvc
64 silly reify mark deleted [
64 silly reify   '/Users/ismailulgac/Documents/food/food-admin/node_modules/@tailwindcss/oxide-win32-x64-msvc'
64 silly reify ]
65 verbose reify failed optional dependency /Users/ismailulgac/Documents/food/food-admin/node_modules/@tailwindcss/oxide-win32-arm64-msvc
66 silly reify mark deleted [
66 silly reify   '/Users/ismailulgac/Documents/food/food-admin/node_modules/@tailwindcss/oxide-win32-arm64-msvc'
66 silly reify ]
67 verbose reify failed optional dependency /Users/ismailulgac/Documents/food/food-admin/node_modules/@tailwindcss/oxide-linux-x64-musl
68 silly reify mark deleted [
68 silly reify   '/Users/ismailulgac/Documents/food/food-admin/node_modules/@tailwindcss/oxide-linux-x64-musl'
68 silly reify ]
69 verbose reify failed optional dependency /Users/ismailulgac/Documents/food/food-admin/node_modules/@tailwindcss/oxide-linux-x64-gnu
70 silly reify mark deleted [
70 silly reify   '/Users/ismailulgac/Documents/food/food-admin/node_modules/@tailwindcss/oxide-linux-x64-gnu'
70 silly reify ]
71 verbose reify failed optional dependency /Users/ismailulgac/Documents/food/food-admin/node_modules/@tailwindcss/oxide-linux-arm64-musl
72 silly reify mark deleted [
72 silly reify   '/Users/ismailulgac/Documents/food/food-admin/node_modules/@tailwindcss/oxide-linux-arm64-musl'
72 silly reify ]
73 verbose reify failed optional dependency /Users/ismailulgac/Documents/food/food-admin/node_modules/@tailwindcss/oxide-linux-arm64-gnu
74 silly reify mark deleted [
74 silly reify   '/Users/ismailulgac/Documents/food/food-admin/node_modules/@tailwindcss/oxide-linux-arm64-gnu'
74 silly reify ]
75 verbose reify failed optional dependency /Users/ismailulgac/Documents/food/food-admin/node_modules/@tailwindcss/oxide-linux-arm-gnueabihf
76 silly reify mark deleted [
76 silly reify   '/Users/ismailulgac/Documents/food/food-admin/node_modules/@tailwindcss/oxide-linux-arm-gnueabihf'
76 silly reify ]
77 verbose reify failed optional dependency /Users/ismailulgac/Documents/food/food-admin/node_modules/@tailwindcss/oxide-freebsd-x64
78 silly reify mark deleted [
78 silly reify   '/Users/ismailulgac/Documents/food/food-admin/node_modules/@tailwindcss/oxide-freebsd-x64'
78 silly reify ]
79 verbose reify failed optional dependency /Users/ismailulgac/Documents/food/food-admin/node_modules/@tailwindcss/oxide-darwin-x64
80 silly reify mark deleted [
80 silly reify   '/Users/ismailulgac/Documents/food/food-admin/node_modules/@tailwindcss/oxide-darwin-x64'
80 silly reify ]
81 verbose reify failed optional dependency /Users/ismailulgac/Documents/food/food-admin/node_modules/@tailwindcss/oxide-android-arm64
82 silly reify mark deleted [
82 silly reify   '/Users/ismailulgac/Documents/food/food-admin/node_modules/@tailwindcss/oxide-android-arm64'
82 silly reify ]
83 verbose reify failed optional dependency /Users/ismailulgac/Documents/food/food-admin/node_modules/@rollup/rollup-win32-x64-msvc
84 silly reify mark deleted [
84 silly reify   '/Users/ismailulgac/Documents/food/food-admin/node_modules/@rollup/rollup-win32-x64-msvc'
84 silly reify ]
85 verbose reify failed optional dependency /Users/ismailulgac/Documents/food/food-admin/node_modules/@rollup/rollup-win32-ia32-msvc
86 silly reify mark deleted [
86 silly reify   '/Users/ismailulgac/Documents/food/food-admin/node_modules/@rollup/rollup-win32-ia32-msvc'
86 silly reify ]
87 verbose reify failed optional dependency /Users/ismailulgac/Documents/food/food-admin/node_modules/@rollup/rollup-win32-arm64-msvc
88 silly reify mark deleted [
88 silly reify   '/Users/ismailulgac/Documents/food/food-admin/node_modules/@rollup/rollup-win32-arm64-msvc'
88 silly reify ]
89 verbose reify failed optional dependency /Users/ismailulgac/Documents/food/food-admin/node_modules/@rollup/rollup-linux-x64-musl
90 silly reify mark deleted [
90 silly reify   '/Users/ismailulgac/Documents/food/food-admin/node_modules/@rollup/rollup-linux-x64-musl'
90 silly reify ]
91 verbose reify failed optional dependency /Users/ismailulgac/Documents/food/food-admin/node_modules/@rollup/rollup-linux-x64-gnu
92 silly reify mark deleted [
92 silly reify   '/Users/ismailulgac/Documents/food/food-admin/node_modules/@rollup/rollup-linux-x64-gnu'
92 silly reify ]
93 verbose reify failed optional dependency /Users/ismailulgac/Documents/food/food-admin/node_modules/@rollup/rollup-linux-s390x-gnu
94 silly reify mark deleted [
94 silly reify   '/Users/ismailulgac/Documents/food/food-admin/node_modules/@rollup/rollup-linux-s390x-gnu'
94 silly reify ]
95 verbose reify failed optional dependency /Users/ismailulgac/Documents/food/food-admin/node_modules/@rollup/rollup-linux-riscv64-gnu
96 silly reify mark deleted [
96 silly reify   '/Users/ismailulgac/Documents/food/food-admin/node_modules/@rollup/rollup-linux-riscv64-gnu'
96 silly reify ]
97 verbose reify failed optional dependency /Users/ismailulgac/Documents/food/food-admin/node_modules/@rollup/rollup-linux-powerpc64le-gnu
98 silly reify mark deleted [
98 silly reify   '/Users/ismailulgac/Documents/food/food-admin/node_modules/@rollup/rollup-linux-powerpc64le-gnu'
98 silly reify ]
99 verbose reify failed optional dependency /Users/ismailulgac/Documents/food/food-admin/node_modules/@rollup/rollup-linux-loongarch64-gnu
100 silly reify mark deleted [
100 silly reify   '/Users/ismailulgac/Documents/food/food-admin/node_modules/@rollup/rollup-linux-loongarch64-gnu'
100 silly reify ]
101 verbose reify failed optional dependency /Users/ismailulgac/Documents/food/food-admin/node_modules/@rollup/rollup-linux-arm64-musl
102 silly reify mark deleted [
102 silly reify   '/Users/ismailulgac/Documents/food/food-admin/node_modules/@rollup/rollup-linux-arm64-musl'
102 silly reify ]
103 verbose reify failed optional dependency /Users/ismailulgac/Documents/food/food-admin/node_modules/@rollup/rollup-linux-arm64-gnu
104 silly reify mark deleted [
104 silly reify   '/Users/ismailulgac/Documents/food/food-admin/node_modules/@rollup/rollup-linux-arm64-gnu'
104 silly reify ]
105 verbose reify failed optional dependency /Users/ismailulgac/Documents/food/food-admin/node_modules/@rollup/rollup-linux-arm-musleabihf
106 silly reify mark deleted [
106 silly reify   '/Users/ismailulgac/Documents/food/food-admin/node_modules/@rollup/rollup-linux-arm-musleabihf'
106 silly reify ]
107 verbose reify failed optional dependency /Users/ismailulgac/Documents/food/food-admin/node_modules/@rollup/rollup-linux-arm-gnueabihf
108 silly reify mark deleted [
108 silly reify   '/Users/ismailulgac/Documents/food/food-admin/node_modules/@rollup/rollup-linux-arm-gnueabihf'
108 silly reify ]
109 verbose reify failed optional dependency /Users/ismailulgac/Documents/food/food-admin/node_modules/@rollup/rollup-freebsd-x64
110 silly reify mark deleted [
110 silly reify   '/Users/ismailulgac/Documents/food/food-admin/node_modules/@rollup/rollup-freebsd-x64'
110 silly reify ]
111 verbose reify failed optional dependency /Users/ismailulgac/Documents/food/food-admin/node_modules/@rollup/rollup-freebsd-arm64
112 silly reify mark deleted [
112 silly reify   '/Users/ismailulgac/Documents/food/food-admin/node_modules/@rollup/rollup-freebsd-arm64'
112 silly reify ]
113 verbose reify failed optional dependency /Users/ismailulgac/Documents/food/food-admin/node_modules/@rollup/rollup-darwin-x64
114 silly reify mark deleted [
114 silly reify   '/Users/ismailulgac/Documents/food/food-admin/node_modules/@rollup/rollup-darwin-x64'
114 silly reify ]
115 verbose reify failed optional dependency /Users/ismailulgac/Documents/food/food-admin/node_modules/@rollup/rollup-android-arm64
116 silly reify mark deleted [
116 silly reify   '/Users/ismailulgac/Documents/food/food-admin/node_modules/@rollup/rollup-android-arm64'
116 silly reify ]
117 verbose reify failed optional dependency /Users/ismailulgac/Documents/food/food-admin/node_modules/@rollup/rollup-android-arm-eabi
118 silly reify mark deleted [
118 silly reify   '/Users/ismailulgac/Documents/food/food-admin/node_modules/@rollup/rollup-android-arm-eabi'
118 silly reify ]
119 verbose reify failed optional dependency /Users/ismailulgac/Documents/food/food-admin/node_modules/@esbuild/win32-x64
120 silly reify mark deleted [
120 silly reify   '/Users/ismailulgac/Documents/food/food-admin/node_modules/@esbuild/win32-x64'
120 silly reify ]
121 verbose reify failed optional dependency /Users/ismailulgac/Documents/food/food-admin/node_modules/@esbuild/win32-ia32
122 silly reify mark deleted [
122 silly reify   '/Users/ismailulgac/Documents/food/food-admin/node_modules/@esbuild/win32-ia32'
122 silly reify ]
123 verbose reify failed optional dependency /Users/ismailulgac/Documents/food/food-admin/node_modules/@esbuild/win32-arm64
124 silly reify mark deleted [
124 silly reify   '/Users/ismailulgac/Documents/food/food-admin/node_modules/@esbuild/win32-arm64'
124 silly reify ]
125 verbose reify failed optional dependency /Users/ismailulgac/Documents/food/food-admin/node_modules/@esbuild/sunos-x64
126 silly reify mark deleted [
126 silly reify   '/Users/ismailulgac/Documents/food/food-admin/node_modules/@esbuild/sunos-x64'
126 silly reify ]
127 verbose reify failed optional dependency /Users/ismailulgac/Documents/food/food-admin/node_modules/@esbuild/openbsd-x64
128 silly reify mark deleted [
128 silly reify   '/Users/ismailulgac/Documents/food/food-admin/node_modules/@esbuild/openbsd-x64'
128 silly reify ]
129 verbose reify failed optional dependency /Users/ismailulgac/Documents/food/food-admin/node_modules/@esbuild/openbsd-arm64
130 silly reify mark deleted [
130 silly reify   '/Users/ismailulgac/Documents/food/food-admin/node_modules/@esbuild/openbsd-arm64'
130 silly reify ]
131 verbose reify failed optional dependency /Users/ismailulgac/Documents/food/food-admin/node_modules/@esbuild/netbsd-x64
132 silly reify mark deleted [
132 silly reify   '/Users/ismailulgac/Documents/food/food-admin/node_modules/@esbuild/netbsd-x64'
132 silly reify ]
133 verbose reify failed optional dependency /Users/ismailulgac/Documents/food/food-admin/node_modules/@esbuild/netbsd-arm64
134 silly reify mark deleted [
134 silly reify   '/Users/ismailulgac/Documents/food/food-admin/node_modules/@esbuild/netbsd-arm64'
134 silly reify ]
135 verbose reify failed optional dependency /Users/ismailulgac/Documents/food/food-admin/node_modules/@esbuild/linux-x64
136 silly reify mark deleted [
136 silly reify   '/Users/ismailulgac/Documents/food/food-admin/node_modules/@esbuild/linux-x64'
136 silly reify ]
137 verbose reify failed optional dependency /Users/ismailulgac/Documents/food/food-admin/node_modules/@esbuild/linux-s390x
138 silly reify mark deleted [
138 silly reify   '/Users/ismailulgac/Documents/food/food-admin/node_modules/@esbuild/linux-s390x'
138 silly reify ]
139 verbose reify failed optional dependency /Users/ismailulgac/Documents/food/food-admin/node_modules/@esbuild/linux-riscv64
140 silly reify mark deleted [
140 silly reify   '/Users/ismailulgac/Documents/food/food-admin/node_modules/@esbuild/linux-riscv64'
140 silly reify ]
141 verbose reify failed optional dependency /Users/ismailulgac/Documents/food/food-admin/node_modules/@esbuild/linux-ppc64
142 silly reify mark deleted [
142 silly reify   '/Users/ismailulgac/Documents/food/food-admin/node_modules/@esbuild/linux-ppc64'
142 silly reify ]
143 verbose reify failed optional dependency /Users/ismailulgac/Documents/food/food-admin/node_modules/@esbuild/linux-mips64el
144 silly reify mark deleted [
144 silly reify   '/Users/ismailulgac/Documents/food/food-admin/node_modules/@esbuild/linux-mips64el'
144 silly reify ]
145 verbose reify failed optional dependency /Users/ismailulgac/Documents/food/food-admin/node_modules/@esbuild/linux-loong64
146 silly reify mark deleted [
146 silly reify   '/Users/ismailulgac/Documents/food/food-admin/node_modules/@esbuild/linux-loong64'
146 silly reify ]
147 verbose reify failed optional dependency /Users/ismailulgac/Documents/food/food-admin/node_modules/@esbuild/linux-ia32
148 silly reify mark deleted [
148 silly reify   '/Users/ismailulgac/Documents/food/food-admin/node_modules/@esbuild/linux-ia32'
148 silly reify ]
149 verbose reify failed optional dependency /Users/ismailulgac/Documents/food/food-admin/node_modules/@esbuild/linux-arm64
150 silly reify mark deleted [
150 silly reify   '/Users/ismailulgac/Documents/food/food-admin/node_modules/@esbuild/linux-arm64'
150 silly reify ]
151 verbose reify failed optional dependency /Users/ismailulgac/Documents/food/food-admin/node_modules/@esbuild/linux-arm
152 silly reify mark deleted [
152 silly reify   '/Users/ismailulgac/Documents/food/food-admin/node_modules/@esbuild/linux-arm'
152 silly reify ]
153 verbose reify failed optional dependency /Users/ismailulgac/Documents/food/food-admin/node_modules/@esbuild/freebsd-x64
154 silly reify mark deleted [
154 silly reify   '/Users/ismailulgac/Documents/food/food-admin/node_modules/@esbuild/freebsd-x64'
154 silly reify ]
155 verbose reify failed optional dependency /Users/ismailulgac/Documents/food/food-admin/node_modules/@esbuild/freebsd-arm64
156 silly reify mark deleted [
156 silly reify   '/Users/ismailulgac/Documents/food/food-admin/node_modules/@esbuild/freebsd-arm64'
156 silly reify ]
157 verbose reify failed optional dependency /Users/ismailulgac/Documents/food/food-admin/node_modules/@esbuild/darwin-x64
158 silly reify mark deleted [
158 silly reify   '/Users/ismailulgac/Documents/food/food-admin/node_modules/@esbuild/darwin-x64'
158 silly reify ]
159 verbose reify failed optional dependency /Users/ismailulgac/Documents/food/food-admin/node_modules/@esbuild/android-x64
160 silly reify mark deleted [
160 silly reify   '/Users/ismailulgac/Documents/food/food-admin/node_modules/@esbuild/android-x64'
160 silly reify ]
161 verbose reify failed optional dependency /Users/ismailulgac/Documents/food/food-admin/node_modules/@esbuild/android-arm64
162 silly reify mark deleted [
162 silly reify   '/Users/ismailulgac/Documents/food/food-admin/node_modules/@esbuild/android-arm64'
162 silly reify ]
163 verbose reify failed optional dependency /Users/ismailulgac/Documents/food/food-admin/node_modules/@esbuild/android-arm
164 silly reify mark deleted [
164 silly reify   '/Users/ismailulgac/Documents/food/food-admin/node_modules/@esbuild/android-arm'
164 silly reify ]
165 verbose reify failed optional dependency /Users/ismailulgac/Documents/food/food-admin/node_modules/@esbuild/aix-ppc64
166 silly reify mark deleted [
166 silly reify   '/Users/ismailulgac/Documents/food/food-admin/node_modules/@esbuild/aix-ppc64'
166 silly reify ]
167 silly tarball no local data for motion-dom@https://registry.npmjs.org/motion-dom/-/motion-dom-12.23.23.tgz. Extracting by manifest.
168 silly tarball no local data for framer-motion@https://registry.npmjs.org/framer-motion/-/framer-motion-12.23.24.tgz. Extracting by manifest.
169 silly tarball no local data for motion-utils@https://registry.npmjs.org/motion-utils/-/motion-utils-12.23.6.tgz. Extracting by manifest.
170 http fetch GET 200 https://registry.npmjs.org/motion-dom/-/motion-dom-12.23.23.tgz 81ms (cache miss)
171 http fetch GET 200 https://registry.npmjs.org/motion-utils/-/motion-utils-12.23.6.tgz 98ms (cache miss)
172 http fetch GET 200 https://registry.npmjs.org/framer-motion/-/framer-motion-12.23.24.tgz 194ms (cache miss)
173 http fetch POST 200 https://registry.npmjs.org/-/npm/v1/security/advisories/bulk 258ms
174 silly audit report {
174 silly audit report   '@babel/helpers': [
174 silly audit report     {
174 silly audit report       id: 1104001,
174 silly audit report       url: 'https://github.com/advisories/GHSA-968p-4wvh-cqc8',
174 silly audit report       title: 'Babel has inefficient RegExp complexity in generated code with .replace when transpiling named capturing groups',
174 silly audit report       severity: 'moderate',
174 silly audit report       vulnerable_versions: '<7.26.10',
174 silly audit report       cwe: [Array],
174 silly audit report       cvss: [Object]
174 silly audit report     }
174 silly audit report   ],
174 silly audit report   '@babel/runtime': [
174 silly audit report     {
174 silly audit report       id: 1104000,
174 silly audit report       url: 'https://github.com/advisories/GHSA-968p-4wvh-cqc8',
174 silly audit report       title: 'Babel has inefficient RegExp complexity in generated code with .replace when transpiling named capturing groups',
174 silly audit report       severity: 'moderate',
174 silly audit report       vulnerable_versions: '<7.26.10',
174 silly audit report       cwe: [Array],
174 silly audit report       cvss: [Object]
174 silly audit report     }
174 silly audit report   ],
174 silly audit report   '@eslint/plugin-kit': [
174 silly audit report     {
174 silly audit report       id: 1106734,
174 silly audit report       url: 'https://github.com/advisories/GHSA-xffm-g5w8-qvg7',
174 silly audit report       title: '@eslint/plugin-kit is vulnerable to Regular Expression Denial of Service attacks through ConfigCommentParser',
174 silly audit report       severity: 'low',
174 silly audit report       vulnerable_versions: '<0.3.4',
174 silly audit report       cwe: [Array],
174 silly audit report       cvss: [Object]
174 silly audit report     }
174 silly audit report   ],
174 silly audit report   'brace-expansion': [
174 silly audit report     {
174 silly audit report       id: 1105443,
174 silly audit report       url: 'https://github.com/advisories/GHSA-v6h2-p8h4-qcjw',
174 silly audit report       title: 'brace-expansion Regular Expression Denial of Service vulnerability',
174 silly audit report       severity: 'low',
174 silly audit report       vulnerable_versions: '>=1.0.0 <=1.1.11',
174 silly audit report       cwe: [Array],
174 silly audit report       cvss: [Object]
174 silly audit report     },
174 silly audit report     {
174 silly audit report       id: 1105444,
174 silly audit report       url: 'https://github.com/advisories/GHSA-v6h2-p8h4-qcjw',
174 silly audit report       title: 'brace-expansion Regular Expression Denial of Service vulnerability',
174 silly audit report       severity: 'low',
174 silly audit report       vulnerable_versions: '>=2.0.0 <=2.0.1',
174 silly audit report       cwe: [Array],
174 silly audit report       cvss: [Object]
174 silly audit report     }
174 silly audit report   ],
174 silly audit report   esbuild: [
174 silly audit report     {
174 silly audit report       id: 1102341,
174 silly audit report       url: 'https://github.com/advisories/GHSA-67mh-4wv8-2f99',
174 silly audit report       title: 'esbuild enables any website to send any requests to the development server and read the response',
174 silly audit report       severity: 'moderate',
174 silly audit report       vulnerable_versions: '<=0.24.2',
174 silly audit report       cwe: [Array],
174 silly audit report       cvss: [Object]
174 silly audit report     }
174 silly audit report   ],
174 silly audit report   'react-router': [
174 silly audit report     {
174 silly audit report       id: 1104042,
174 silly audit report       url: 'https://github.com/advisories/GHSA-cpj6-fhp6-mr6j',
174 silly audit report       title: 'React Router allows pre-render data spoofing on React-Router framework mode',
174 silly audit report       severity: 'high',
174 silly audit report       vulnerable_versions: '>=7.0 <=7.5.1',
174 silly audit report       cwe: [Array],
174 silly audit report       cvss: [Object]
174 silly audit report     }
174 silly audit report   ],
174 silly audit report   vite: [
174 silly audit report     {
174 silly audit report       id: 1103519,
174 silly audit report       url: 'https://github.com/advisories/GHSA-x574-m823-4x7w',
174 silly audit report       title: 'Vite bypasses server.fs.deny when using ?raw??',
174 silly audit report       severity: 'moderate',
174 silly audit report       vulnerable_versions: '>=6.1.0 <6.1.2',
174 silly audit report       cwe: [Array],
174 silly audit report       cvss: [Object]
174 silly audit report     },
174 silly audit report     {
174 silly audit report       id: 1103630,
174 silly audit report       url: 'https://github.com/advisories/GHSA-4r4m-qw57-chr8',
174 silly audit report       title: 'Vite has a `server.fs.deny` bypassed for `inline` and `raw` with `?import` query',
174 silly audit report       severity: 'moderate',
174 silly audit report       vulnerable_versions: '>=6.1.0 <6.1.3',
174 silly audit report       cwe: [Array],
174 silly audit report       cvss: [Object]
174 silly audit report     },
174 silly audit report     {
174 silly audit report       id: 1103886,
174 silly audit report       url: 'https://github.com/advisories/GHSA-356w-63v5-8wf4',
174 silly audit report       title: 'Vite has an `server.fs.deny` bypass with an invalid `request-target`',
174 silly audit report       severity: 'moderate',
174 silly audit report       vulnerable_versions: '>=6.1.0 <6.1.5',
174 silly audit report       cwe: [Array],
174 silly audit report       cvss: [Object]
174 silly audit report     },
174 silly audit report     {
174 silly audit report       id: 1104174,
174 silly audit report       url: 'https://github.com/advisories/GHSA-859w-5945-r5v3',
174 silly audit report       title: "Vite's server.fs.deny bypassed with /. for files under project root",
174 silly audit report       severity: 'moderate',
174 silly audit report       vulnerable_versions: '>=6.0.0 <=6.1.5',
174 silly audit report       cwe: [Array],
174 silly audit report       cvss: [Object]
174 silly audit report     },
174 silly audit report     {
174 silly audit report       id: 1104204,
174 silly audit report       url: 'https://github.com/advisories/GHSA-xcj6-pq6g-qj4x',
174 silly audit report       title: 'Vite allows server.fs.deny to be bypassed with .svg or relative paths',
174 silly audit report       severity: 'moderate',
174 silly audit report       vulnerable_versions: '>=6.1.0 <6.1.4',
174 silly audit report       cwe: [Array],
174 silly audit report       cvss: [Object]
174 silly audit report     },
174 silly audit report     {
174 silly audit report       id: 1107324,
174 silly audit report       url: 'https://github.com/advisories/GHSA-g4jq-h2w9-997c',
174 silly audit report       title: 'Vite middleware may serve files starting with the same name with the public directory',
174 silly audit report       severity: 'low',
174 silly audit report       vulnerable_versions: '>=6.0.0 <=6.3.5',
174 silly audit report       cwe: [Array],
174 silly audit report       cvss: [Object]
174 silly audit report     },
174 silly audit report     {
174 silly audit report       id: 1107328,
174 silly audit report       url: 'https://github.com/advisories/GHSA-jqfw-vq24-v9c3',
174 silly audit report       title: "Vite's `server.fs` settings were not applied to HTML files",
174 silly audit report       severity: 'low',
174 silly audit report       vulnerable_versions: '>=6.0.0 <=6.3.5',
174 silly audit report       cwe: [Array],
174 silly audit report       cvss: [Object]
174 silly audit report     },
174 silly audit report     {
174 silly audit report       id: 1109135,
174 silly audit report       url: 'https://github.com/advisories/GHSA-93m4-6634-74q7',
174 silly audit report       title: 'vite allows server.fs.deny bypass via backslash on Windows',
174 silly audit report       severity: 'moderate',
174 silly audit report       vulnerable_versions: '>=6.0.0 <=6.4.0',
174 silly audit report       cwe: [Array],
174 silly audit report       cvss: [Object]
174 silly audit report     }
174 silly audit report   ]
174 silly audit report }
175 silly packumentCache corgi:https://registry.npmjs.org/@babel%2fhelpers cache-miss
176 silly packumentCache corgi:https://registry.npmjs.org/@babel%2fruntime cache-miss
177 silly packumentCache corgi:https://registry.npmjs.org/@eslint%2fplugin-kit cache-miss
178 silly packumentCache corgi:https://registry.npmjs.org/brace-expansion cache-miss
179 silly packumentCache corgi:https://registry.npmjs.org/esbuild cache-miss
180 silly packumentCache corgi:https://registry.npmjs.org/react-router cache-miss
181 silly packumentCache corgi:https://registry.npmjs.org/vite cache-miss
182 http fetch GET 200 https://registry.npmjs.org/brace-expansion 65ms (cache miss)
183 silly packumentCache corgi:https://registry.npmjs.org/brace-expansion set size:undefined disposed:false
184 http fetch GET 200 https://registry.npmjs.org/@babel%2fhelpers 104ms (cache miss)
185 silly packumentCache corgi:https://registry.npmjs.org/@babel%2fhelpers set size:undefined disposed:false
186 http fetch GET 200 https://registry.npmjs.org/@babel%2fruntime 113ms (cache miss)
187 silly packumentCache corgi:https://registry.npmjs.org/@babel%2fruntime set size:undefined disposed:false
188 http fetch GET 200 https://registry.npmjs.org/@eslint%2fplugin-kit 238ms (cache miss)
189 silly packumentCache corgi:https://registry.npmjs.org/@eslint%2fplugin-kit set size:undefined disposed:false
190 http fetch GET 200 https://registry.npmjs.org/react-router 238ms (cache miss)
191 silly packumentCache corgi:https://registry.npmjs.org/react-router set size:undefined disposed:false
192 http fetch GET 200 https://registry.npmjs.org/esbuild 587ms (cache miss)
193 silly packumentCache corgi:https://registry.npmjs.org/esbuild set size:undefined disposed:false
194 http fetch GET 200 https://registry.npmjs.org/vite 622ms (cache miss)
195 silly packumentCache corgi:https://registry.npmjs.org/vite set size:undefined disposed:false
196 silly packumentCache corgi:https://registry.npmjs.org/@babel%2fcore cache-miss
197 http fetch GET 200 https://registry.npmjs.org/@babel%2fcore 83ms (cache miss)
198 silly packumentCache corgi:https://registry.npmjs.org/@babel%2fcore set size:undefined disposed:false
199 silly packumentCache corgi:https://registry.npmjs.org/redux cache-miss
200 http fetch GET 200 https://registry.npmjs.org/redux 111ms (cache miss)
201 silly packumentCache corgi:https://registry.npmjs.org/redux set size:undefined disposed:false
202 silly packumentCache corgi:https://registry.npmjs.org/eslint cache-miss
203 http fetch GET 200 https://registry.npmjs.org/eslint 134ms (cache miss)
204 silly packumentCache corgi:https://registry.npmjs.org/eslint set size:undefined disposed:false
205 silly packumentCache corgi:https://registry.npmjs.org/minimatch cache-miss
206 http fetch GET 200 https://registry.npmjs.org/minimatch 55ms (cache miss)
207 silly packumentCache corgi:https://registry.npmjs.org/minimatch set size:undefined disposed:false
208 silly packumentCache corgi:https://registry.npmjs.org/@vitejs%2fplugin-react cache-miss
209 silly packumentCache corgi:https://registry.npmjs.org/vite-plugin-svgr cache-miss
210 http fetch GET 200 https://registry.npmjs.org/vite-plugin-svgr 44ms (cache miss)
211 silly packumentCache corgi:https://registry.npmjs.org/vite-plugin-svgr set size:undefined disposed:false
212 http fetch GET 200 https://registry.npmjs.org/@vitejs%2fplugin-react 80ms (cache miss)
213 silly packumentCache corgi:https://registry.npmjs.org/@vitejs%2fplugin-react set size:undefined disposed:false
214 silly packumentCache corgi:https://registry.npmjs.org/@eslint-community%2feslint-utils cache-miss
215 silly packumentCache corgi:https://registry.npmjs.org/@typescript-eslint%2feslint-plugin cache-miss
216 silly packumentCache corgi:https://registry.npmjs.org/@typescript-eslint%2fparser cache-miss
217 silly packumentCache corgi:https://registry.npmjs.org/@typescript-eslint%2ftype-utils cache-miss
218 silly packumentCache corgi:https://registry.npmjs.org/@typescript-eslint%2futils cache-miss
219 silly packumentCache corgi:https://registry.npmjs.org/eslint-plugin-react-hooks cache-miss
220 silly packumentCache corgi:https://registry.npmjs.org/eslint-plugin-react-refresh cache-miss
221 silly packumentCache corgi:https://registry.npmjs.org/typescript-eslint cache-miss
222 http fetch GET 200 https://registry.npmjs.org/@eslint-community%2feslint-utils 126ms (cache miss)
223 silly packumentCache corgi:https://registry.npmjs.org/@eslint-community%2feslint-utils set size:undefined disposed:false
224 http fetch GET 200 https://registry.npmjs.org/eslint-plugin-react-refresh 136ms (cache miss)
225 silly packumentCache corgi:https://registry.npmjs.org/eslint-plugin-react-refresh set size:undefined disposed:false
226 http fetch GET 200 https://registry.npmjs.org/eslint-plugin-react-hooks 208ms (cache miss)
227 silly packumentCache corgi:https://registry.npmjs.org/eslint-plugin-react-hooks set size:undefined disposed:false
228 http fetch GET 200 https://registry.npmjs.org/typescript-eslint 324ms (cache miss)
229 silly packumentCache corgi:https://registry.npmjs.org/typescript-eslint set size:undefined disposed:false
230 http fetch GET 200 https://registry.npmjs.org/@typescript-eslint%2ftype-utils 378ms (cache miss)
231 silly packumentCache corgi:https://registry.npmjs.org/@typescript-eslint%2ftype-utils set size:undefined disposed:false
232 http fetch GET 200 https://registry.npmjs.org/@typescript-eslint%2futils 440ms (cache miss)
233 silly packumentCache corgi:https://registry.npmjs.org/@typescript-eslint%2futils set size:undefined disposed:false
234 http fetch GET 200 https://registry.npmjs.org/@typescript-eslint%2fparser 524ms (cache miss)
235 silly packumentCache corgi:https://registry.npmjs.org/@typescript-eslint%2fparser set size:undefined disposed:false
236 http fetch GET 200 https://registry.npmjs.org/@typescript-eslint%2feslint-plugin 618ms (cache miss)
237 silly packumentCache corgi:https://registry.npmjs.org/@typescript-eslint%2feslint-plugin set size:undefined disposed:false
238 silly ADD node_modules/motion-utils
239 silly ADD node_modules/motion-dom
240 silly ADD node_modules/framer-motion
241 silly ADD
242 silly ADD
243 silly ADD
244 silly ADD
245 silly ADD
246 silly ADD
247 silly ADD
248 silly ADD
249 silly ADD
250 silly ADD
251 silly ADD
252 silly ADD
253 silly ADD
254 silly ADD
255 silly ADD
256 silly ADD
257 silly ADD
258 silly ADD
259 silly ADD
260 silly ADD
261 silly ADD
262 silly ADD
263 silly ADD
264 silly ADD
265 silly ADD
266 silly ADD
267 silly ADD
268 silly ADD
269 silly ADD
270 silly ADD
271 silly ADD
272 silly ADD
273 silly ADD
274 silly ADD
275 silly ADD
276 silly ADD
277 silly ADD
278 silly ADD
279 silly ADD
280 silly ADD
281 silly ADD
282 silly ADD
283 silly ADD
284 silly ADD
285 silly ADD
286 silly ADD
287 silly ADD
288 silly ADD
289 silly ADD
290 silly ADD
291 silly ADD
292 silly ADD
293 silly ADD
294 silly ADD
295 silly ADD
296 silly ADD
297 silly ADD
298 silly ADD
299 silly ADD
300 silly ADD
301 silly ADD
302 verbose cwd /Users/ismailulgac/Documents/food/food-admin
303 verbose os Darwin 24.3.0
304 verbose node v20.18.0
305 verbose npm  v10.8.2
306 notice
306 notice New major version of npm available! 10.8.2 -> 11.6.2
306 notice Changelog: https://github.com/npm/cli/releases/tag/v11.6.2
306 notice To update run: npm install -g npm@11.6.2
306 notice  { force: true, [Symbol(proc-log.meta)]: true }
307 verbose exit 0
308 info ok
